# JRE version: OpenJDK Runtime Environment (22.0.1+8) (build 22.0.1+8-16)
# Java VM: OpenJDK 64-Bit Server VM (22.0.1+8-16, mixed mode, sharing, tiered, compressed oops, compressed class ptrs, g1 gc, windows-amd64)
GC Precious Log:
 CardTable entry size: 512
 Card Set container configuration: InlinePtr #cards 5 size 8 Array Of Cards #cards 12 size 40 Howl #buckets 4 coarsen threshold 1843 Howl Bitmap #cards 512 size 80 coarsen threshold 460 Card regions per heap region 1 cards per card region 2048
 CPUs: 4 total, 4 available
 Memory: 8150M
 Large Page Support: Disabled
 NUMA Support: Disabled
 Compressed Oops: Enabled (32-bit)
 Heap Region Size: 1M
 Heap Min Capacity: 8M
 Heap Initial Capacity: 128M
 Heap Max Capacity: 2038M
 Pre-touch: Disabled
 Parallel Workers: 4
 Concurrent Workers: 1
 Concurrent Refinement Workers: 4
 Periodic GC: Disabled
Heap:
 garbage-first heap   total reserved 2086912K, committed 51200K, used 23741K [0x0000000080a00000, 0x0000000100000000)
  region size 1024K, 4 young (4096K), 3 survivors (3072K)
 Metaspace       used 53023K, committed 53760K, reserved 1114112K
  class space    used 7146K, committed 7488K, reserved 1048576K
GC Heap History (20 events):
Event: 1.090 GC heap before
{Heap before GC invocations=0 (full 0):
 garbage-first heap   total reserved 2086912K, committed 131072K, used 15360K [0x0000000080a00000, 0x0000000100000000)
  region size 1024K, 14 young (14336K), 0 survivors (0K)
 Metaspace       used 3598K, committed 3776K, reserved 1114112K
  class space    used 371K, committed 448K, reserved 1048576K
}
Event: 1.099 GC heap after
{Heap after GC invocations=1 (full 0):
 garbage-first heap   total reserved 2086912K, committed 131072K, used 6325K [0x0000000080a00000, 0x0000000100000000)
  region size 1024K, 2 young (2048K), 2 survivors (2048K)
 Metaspace       used 3598K, committed 3776K, reserved 1114112K
  class space    used 371K, committed 448K, reserved 1048576K
}
Event: 2.095 GC heap before
{Heap before GC invocations=1 (full 0):
 garbage-first heap   total reserved 2086912K, committed 131072K, used 19637K [0x0000000080a00000, 0x0000000100000000)
  region size 1024K, 16 young (16384K), 2 survivors (2048K)
 Metaspace       used 7037K, committed 7296K, reserved 1114112K
  class space    used 828K, committed 960K, reserved 1048576K
}
Event: 2.100 GC heap after
{Heap after GC invocations=2 (full 0):
 garbage-first heap   total reserved 2086912K, committed 131072K, used 7563K [0x0000000080a00000, 0x0000000100000000)
  region size 1024K, 1 young (1024K), 1 survivors (1024K)
 Metaspace       used 7037K, committed 7296K, reserved 1114112K
  class space    used 828K, committed 960K, reserved 1048576K
}
Event: 4.102 GC heap before
{Heap before GC invocations=2 (full 0):
 garbage-first heap   total reserved 2086912K, committed 131072K, used 44427K [0x0000000080a00000, 0x0000000100000000)
  region size 1024K, 38 young (38912K), 1 survivors (1024K)
 Metaspace       used 17979K, committed 18368K, reserved 1114112K
  class space    used 2200K, committed 2368K, reserved 1048576K
}
Event: 4.110 GC heap after
{Heap after GC invocations=3 (full 0):
 garbage-first heap   total reserved 2086912K, committed 131072K, used 10561K [0x0000000080a00000, 0x0000000100000000)
  region size 1024K, 4 young (4096K), 4 survivors (4096K)
 Metaspace       used 17979K, committed 18368K, reserved 1114112K
  class space    used 2200K, committed 2368K, reserved 1048576K
}
Event: 5.247 GC heap before
{Heap before GC invocations=3 (full 0):
 garbage-first heap   total reserved 2086912K, committed 131072K, used 38209K [0x0000000080a00000, 0x0000000100000000)
  region size 1024K, 33 young (33792K), 4 survivors (4096K)
 Metaspace       used 21195K, committed 21504K, reserved 1114112K
  class space    used 2566K, committed 2688K, reserved 1048576K
}
Event: 5.257 GC heap after
{Heap after GC invocations=4 (full 0):
 garbage-first heap   total reserved 2086912K, committed 131072K, used 14051K [0x0000000080a00000, 0x0000000100000000)
  region size 1024K, 8 young (8192K), 8 survivors (8192K)
 Metaspace       used 21195K, committed 21504K, reserved 1114112K
  class space    used 2566K, committed 2688K, reserved 1048576K
}
Event: 6.260 GC heap before
{Heap before GC invocations=5 (full 0):
 garbage-first heap   total reserved 2086912K, committed 51200K, used 36579K [0x0000000080a00000, 0x0000000100000000)
  region size 1024K, 30 young (30720K), 8 survivors (8192K)
 Metaspace       used 24248K, committed 24640K, reserved 1114112K
  class space    used 2994K, committed 3136K, reserved 1048576K
}
Event: 6.272 GC heap after
{Heap after GC invocations=6 (full 0):
 garbage-first heap   total reserved 2086912K, committed 51200K, used 14980K [0x0000000080a00000, 0x0000000100000000)
  region size 1024K, 2 young (2048K), 2 survivors (2048K)
 Metaspace       used 24248K, committed 24640K, reserved 1114112K
  class space    used 2994K, committed 3136K, reserved 1048576K
}
Event: 7.372 GC heap before
{Heap before GC invocations=6 (full 0):
 garbage-first heap   total reserved 2086912K, committed 51200K, used 39556K [0x0000000080a00000, 0x0000000100000000)
  region size 1024K, 26 young (26624K), 2 survivors (2048K)
 Metaspace       used 28774K, committed 29184K, reserved 1114112K
  class space    used 3665K, committed 3840K, reserved 1048576K
}
Event: 7.378 GC heap after
{Heap after GC invocations=7 (full 0):
 garbage-first heap   total reserved 2086912K, committed 51200K, used 17862K [0x0000000080a00000, 0x0000000100000000)
  region size 1024K, 4 young (4096K), 4 survivors (4096K)
 Metaspace       used 28774K, committed 29184K, reserved 1114112K
  class space    used 3665K, committed 3840K, reserved 1048576K
}
Event: 8.043 GC heap before
{Heap before GC invocations=7 (full 0):
 garbage-first heap   total reserved 2086912K, committed 51200K, used 41414K [0x0000000080a00000, 0x0000000100000000)
  region size 1024K, 27 young (27648K), 4 survivors (4096K)
 Metaspace       used 31838K, committed 32384K, reserved 1114112K
  class space    used 4062K, committed 4288K, reserved 1048576K
}
Event: 8.053 GC heap after
{Heap after GC invocations=8 (full 0):
 garbage-first heap   total reserved 2086912K, committed 51200K, used 19377K [0x0000000080a00000, 0x0000000100000000)
  region size 1024K, 2 young (2048K), 2 survivors (2048K)
 Metaspace       used 31838K, committed 32384K, reserved 1114112K
  class space    used 4062K, committed 4288K, reserved 1048576K
}
Event: 8.754 GC heap before
{Heap before GC invocations=8 (full 0):
 garbage-first heap   total reserved 2086912K, committed 51200K, used 28593K [0x0000000080a00000, 0x0000000100000000)
  region size 1024K, 13 young (13312K), 2 survivors (2048K)
 Metaspace       used 35440K, committed 35968K, reserved 1114112K
  class space    used 4503K, committed 4736K, reserved 1048576K
}
Event: 8.758 GC heap after
{Heap after GC invocations=9 (full 0):
 garbage-first heap   total reserved 2086912K, committed 51200K, used 20052K [0x0000000080a00000, 0x0000000100000000)
  region size 1024K, 3 young (3072K), 3 survivors (3072K)
 Metaspace       used 35440K, committed 35968K, reserved 1114112K
  class space    used 4503K, committed 4736K, reserved 1048576K
}
Event: 10.398 GC heap before
{Heap before GC invocations=10 (full 0):
 garbage-first heap   total reserved 2086912K, committed 51200K, used 41556K [0x0000000080a00000, 0x0000000100000000)
  region size 1024K, 25 young (25600K), 3 survivors (3072K)
 Metaspace       used 40510K, committed 41216K, reserved 1114112K
  class space    used 5246K, committed 5568K, reserved 1048576K
}
Event: 10.404 GC heap after
{Heap after GC invocations=11 (full 0):
 garbage-first heap   total reserved 2086912K, committed 51200K, used 21695K [0x0000000080a00000, 0x0000000100000000)
  region size 1024K, 3 young (3072K), 3 survivors (3072K)
 Metaspace       used 40510K, committed 41216K, reserved 1114112K
  class space    used 5246K, committed 5568K, reserved 1048576K
}
Event: 11.282 GC heap before
{Heap before GC invocations=11 (full 0):
 garbage-first heap   total reserved 2086912K, committed 51200K, used 44223K [0x0000000080a00000, 0x0000000100000000)
  region size 1024K, 25 young (25600K), 3 survivors (3072K)
 Metaspace       used 46508K, committed 47232K, reserved 1114112K
  class space    used 6204K, committed 6528K, reserved 1048576K
}
Event: 11.289 GC heap after
{Heap after GC invocations=12 (full 0):
 garbage-first heap   total reserved 2086912K, committed 51200K, used 22643K [0x0000000080a00000, 0x0000000100000000)
  region size 1024K, 4 young (4096K), 4 survivors (4096K)
 Metaspace       used 46508K, committed 47232K, reserved 1114112K
  class space    used 6204K, committed 6528K, reserved 1048576K
}

